<?xml version="1.0" encoding="UTF-8"?>
<!-- Generated by org.testng.reporters.JUnitReportReporter -->
<testsuite hostname="LAPTOP-FO2093R8" failures="0" tests="1" name="allJavaPrograms.bb" time="0.022" errors="0" timestamp="2022-08-31T16:48:07 IST" skipped="0">
  <testcase classname="allJavaPrograms.bb" name="m3" time="0.022"/>
  <system-out/>
</testsuite> <!-- allJavaPrograms.bb -->
